<?xml version="1.0" encoding="UTF-8"?>
<testsuite xmlns:xsi="http://www.w3.org/2001/XMLSchema-instance" xsi:noNamespaceSchemaLocation="https://maven.apache.org/surefire/maven-surefire-plugin/xsd/surefire-test-report-3.0.xsd" version="3.0" name="com.example.InventoryControllerTest" time="3.081" tests="1" errors="0" skipped="0" failures="0">
  <properties>
[...]
</properties>
  <testcase name="在庫一覧が取得できること" classname="com.example.InventoryControllerTest" time="0.941">
    <system-out><![CDATA[10:04:22.062 [main] INFO org.springframework.test.context.support.AnnotationConfigContextLoaderUtils -- Could not detect default configuration classes for test class [com.example.InventoryControllerTest]: InventoryControllerTest does not declare any static, non-private, non-final, nested classes annotated with @Configuration.
10:04:22.176 [main] INFO org.springframework.boot.test.context.SpringBootTestContextBootstrapper -- Found @SpringBootConfiguration com.example.Main for test class com.example.InventoryControllerTest

  .   ____          _            __ _ _
 /\\ / ___'_ __ _ _(_)_ __  __ _ \ \ \ \
( ( )\___ | '_ | '_| | '_ \/ _` | \ \ \ \
 \\/  ___)| |_)| | | | | || (_| |  ) ) ) )
  '  |____| .__|_| |_|_| |_\__, | / / / /
 =========|_|==============|___/=/_/_/_/
 :: Spring Boot ::                (v3.2.5)

2026-05-02T10:04:22.545+09:00  INFO 12228 --- [           main] com.example.InventoryControllerTest      : Starting InventoryControllerTest using Java 17.0.19 with PID 12228 (started by root2 in C:\Users\root2\OneDrive\デスクトップ\ProjectFullStackRenaissance\demo)
2026-05-02T10:04:22.547+09:00  INFO 12228 --- [           main] com.example.InventoryControllerTest      : No active profile set, falling back to 1 default profile: "default"
2026-05-02T10:04:23.999+09:00  INFO 12228 --- [           main] o.s.b.t.m.w.SpringBootMockServletContext : Initializing Spring TestDispatcherServlet ''
2026-05-02T10:04:23.999+09:00  INFO 12228 --- [           main] o.s.t.web.servlet.TestDispatcherServlet  : Initializing Servlet ''
2026-05-02T10:04:23.999+09:00  INFO 12228 --- [           main] o.s.t.web.servlet.TestDispatcherServlet  : Completed initialization in 0 ms
2026-05-02T10:04:24.031+09:00  INFO 12228 --- [           main] com.example.InventoryControllerTest      : Started InventoryControllerTest in 1.735 seconds (process running for 2.502)
]]></system-out>
  </testcase>
</testsuite>